0 info it worked if it ends with ok
1 verbose cli [ '/usr/local/bin/node', '/usr/local/bin/npm', 'run', 'webpack' ]
2 info using npm@3.10.10
3 info using node@v6.9.4
4 verbose run-script [ 'prewebpack', 'webpack', 'postwebpack' ]
5 info lifecycle Organa@1.0.0~prewebpack: Organa@1.0.0
6 silly lifecycle Organa@1.0.0~prewebpack: no script for prewebpack, continuing
7 info lifecycle Organa@1.0.0~webpack: Organa@1.0.0
8 verbose lifecycle Organa@1.0.0~webpack: unsafe-perm in lifecycle true
9 verbose lifecycle Organa@1.0.0~webpack: PATH: /usr/local/lib/node_modules/npm/bin/node-gyp-bin:/Users/lisa/Desktop/Organa/node_modules/.bin:/Users/lisa/.rbenv/shims:/Users/lisa/.rbenv/bin:/Users/lisa/.rbenv/bin:/usr/local/bin:/usr/bin:/bin:/usr/sbin:/sbin:/usr/local/share/dotnet:/Library/Frameworks/Mono.framework/Versions/Current/Commands:/Applications/Postgres.app/Contents/Versions/latest/bin:/Users/lisa/.rbenv/shims:/Users/lisa/.rbenv/bin
10 verbose lifecycle Organa@1.0.0~webpack: CWD: /Users/lisa/Desktop/Organa
11 silly lifecycle Organa@1.0.0~webpack: Args: [ '-c', 'webpack --watch --mode=development' ]
12 silly lifecycle Organa@1.0.0~webpack: Returned: code: 1  signal: null
13 info lifecycle Organa@1.0.0~webpack: Failed to exec webpack script
14 verbose stack Error: Organa@1.0.0 webpack: `webpack --watch --mode=development`
14 verbose stack Exit status 1
14 verbose stack     at EventEmitter.<anonymous> (/usr/local/lib/node_modules/npm/lib/utils/lifecycle.js:255:16)
14 verbose stack     at emitTwo (events.js:106:13)
14 verbose stack     at EventEmitter.emit (events.js:191:7)
14 verbose stack     at ChildProcess.<anonymous> (/usr/local/lib/node_modules/npm/lib/utils/spawn.js:40:14)
14 verbose stack     at emitTwo (events.js:106:13)
14 verbose stack     at ChildProcess.emit (events.js:191:7)
14 verbose stack     at maybeClose (internal/child_process.js:877:16)
14 verbose stack     at Process.ChildProcess._handle.onexit (internal/child_process.js:226:5)
15 verbose pkgid Organa@1.0.0
16 verbose cwd /Users/lisa/Desktop/Organa
17 error Darwin 18.5.0
18 error argv "/usr/local/bin/node" "/usr/local/bin/npm" "run" "webpack"
19 error node v6.9.4
20 error npm  v3.10.10
21 error code ELIFECYCLE
22 error Organa@1.0.0 webpack: `webpack --watch --mode=development`
22 error Exit status 1
23 error Failed at the Organa@1.0.0 webpack script 'webpack --watch --mode=development'.
23 error Make sure you have the latest version of node.js and npm installed.
23 error If you do, this is most likely a problem with the Organa package,
23 error not with npm itself.
23 error Tell the author that this fails on your system:
23 error     webpack --watch --mode=development
23 error You can get information on how to open an issue for this project with:
23 error     npm bugs Organa
23 error Or if that isn't available, you can get their info via:
23 error     npm owner ls Organa
23 error There is likely additional logging output above.
24 verbose exit [ 1, true ]
